<?xml version="1.0" encoding="UTF-8"?>
<!-- Generated by org.testng.reporters.JUnitReportReporter -->
<testsuite hostname="DESKTOP-MHLLET6" failures="0" tests="5" name="Tests.CustomerTest" time="44.733" errors="0" timestamp="2023-08-15T17:41:30 SGT" skipped="2">
  <testcase classname="Tests.CustomerTest" name="addNewCustomer" time="21.446"/>
  <system-out/>
  <testcase classname="Tests.CustomerTest" name="editCustomerTest" time="13.193"/>
  <system-out/>
  <testcase classname="Tests.CustomerTest" name="deleteCustomerTest" time="10.094"/>
  <system-out/>
  <testcase classname="Tests.CustomerTest" name="loginTest">
    <skipped/>
  </testcase> <!-- loginTest -->
  <system-out/>
  <testcase classname="Tests.CustomerTest" name="linksCountTest">
    <skipped/>
  </testcase> <!-- linksCountTest -->
  <system-out/>
</testsuite> <!-- Tests.CustomerTest -->
